[debug] [2019-05-04T12:07:05.852Z] ----------------------------------------------------------------------
[debug] [2019-05-04T12:07:05.855Z] Command:       C:\Program Files\nodejs\node.exe C:\Users\chris\AppData\Roaming\npm\node_modules\firebase-tools\lib\bin\firebase.js deploy
[debug] [2019-05-04T12:07:05.855Z] CLI Version:   6.7.2
[debug] [2019-05-04T12:07:05.856Z] Platform:      win32
[debug] [2019-05-04T12:07:05.856Z] Node Version:  v8.9.3
[debug] [2019-05-04T12:07:05.857Z] Time:          Sat May 04 2019 19:07:05 GMT+0700 (SE Asia Standard Time)
[debug] [2019-05-04T12:07:05.857Z] ----------------------------------------------------------------------
[debug] 
[debug] [2019-05-04T12:07:05.869Z] > command requires scopes: ["email","openid","https://www.googleapis.com/auth/cloudplatformprojects.readonly","https://www.googleapis.com/auth/firebase","https://www.googleapis.com/auth/cloud-platform"]
[debug] [2019-05-04T12:07:05.870Z] > authorizing via signed-in user
[debug] [2019-05-04T12:07:05.870Z] [iam] checking project pipawebid for permissions ["firebase.projects.get","firebasehosting.sites.update"]
[debug] [2019-05-04T12:07:05.872Z] >>> HTTP REQUEST POST https://cloudresourcemanager.googleapis.com/v1/projects/pipawebid:testIamPermissions  

[debug] [2019-05-04T12:07:08.949Z] <<< HTTP RESPONSE 200
[debug] [2019-05-04T12:07:08.954Z] >>> HTTP REQUEST GET https://firebase.googleapis.com/v1beta1/projects/pipawebid  
 
[debug] [2019-05-04T12:07:09.679Z] <<< HTTP RESPONSE 200
[info] 
[info] === Deploying to 'pipawebid'...
[info] 
[info] i  deploying hosting
[debug] [2019-05-04T12:07:09.687Z] >>> HTTP REQUEST POST https://firebasehosting.googleapis.com/v1beta1/sites/pipawebid/versions  

[debug] [2019-05-04T12:07:12.852Z] <<< HTTP RESPONSE 200
[info] i  hosting[pipawebid]: beginning deploy...
[info] i  hosting[pipawebid]: found 132 files in public
[debug] [2019-05-04T12:07:12.953Z] [hosting] hash cache [cHVibGlj] not populated
[debug] [2019-05-04T12:07:13.247Z] [hosting] hash cache [cHVibGlj] stored for 132 files
[debug] [2019-05-04T12:07:13.247Z] [hosting][hash queue][FINAL]
[debug] [2019-05-04T12:07:13.247Z] >>> HTTP REQUEST POST https://firebasehosting.googleapis.com/v1beta1/sites/pipawebid/versions/d32161b3bccb83f1:populateFiles  
 <request body omitted>
